This file contains any messages produced by compilers while
running configure, to aid debugging if configure makes a mistake.

It was created by PCRE2 configure 10.33, which was
generated by GNU Autoconf 2.69.  Invocation command line was

  $ ./configure --disable-option-checking --prefix=/usr/local --cache-file=/dev/null --srcdir=.

## --------- ##
## Platform. ##
## --------- ##

hostname = Thad-Megows-MacBook-Pro.local
uname -m = x86_64
uname -r = 18.7.0
uname -s = Darwin
uname -v = Darwin Kernel Version 18.7.0: Thu Jun 20 18:42:21 PDT 2019; root:xnu-4903.270.47~4/RELEASE_X86_64

/usr/bin/uname -p = i386
/bin/uname -X     = unknown

/bin/arch              = unknown
/usr/bin/arch -k       = unknown
/usr/convex/getsysinfo = unknown
/usr/bin/hostinfo      = Mach kernel version:
	 Darwin Kernel Version 18.7.0: Thu Jun 20 18:42:21 PDT 2019; root:xnu-4903.270.47~4/RELEASE_X86_64
Kernel configured for up to 4 processors.
2 processors are physically available.
4 processors are logically available.
Processor type: x86_64h (Intel x86-64h Haswell)
Processors active: 0 1 2 3
Primary memory available: 16.00 gigabytes
Default processor set: 381 tasks, 1468 threads, 4 processors
Load average: 3.56, Mach factor: 0.76
/bin/machine           = unknown
/usr/bin/oslevel       = unknown
/bin/universe          = unknown

PATH: /usr/local/opt/node@8/bin
PATH: /Users/thadmegow/Library/Python/3.7/bin
PATH: /usr/local/opt/python/libexec/bin
PATH: /Users/thadmegow/google-cloud-sdk/bin
PATH: /usr/local/bin
PATH: /usr/bin
PATH: /bin
PATH: /usr/sbin
PATH: /sbin
PATH: /usr/local/go/bin
PATH: /opt/X11/bin
PATH: /Applications/Wireshark.app/Contents/MacOS
PATH: /Users/thadmegow/dev/go


## ----------- ##
## Core tests. ##
## ----------- ##

configure:2554: checking for a BSD-compatible install
configure:2622: result: /usr/local/bin/ginstall -c
configure:2633: checking whether build environment is sane
configure:2688: result: yes
configure:2839: checking for a thread-safe mkdir -p
configure:2878: result: /usr/local/bin/gmkdir -p
configure:2885: checking for gawk
configure:2915: result: no
configure:2885: checking for mawk
configure:2915: result: no
configure:2885: checking for nawk
configure:2915: result: no
configure:2885: checking for awk
configure:2901: found /usr/local/bin/awk
configure:2912: result: awk
configure:2923: checking whether make sets $(MAKE)
configure:2945: result: yes
configure:2974: checking whether make supports nested variables
configure:2991: result: yes
configure:3128: checking whether make supports nested variables
configure:3145: result: yes
configure:3220: checking for gcc
configure:3236: found /usr/bin/gcc
configure:3247: result: gcc
configure:3476: checking for C compiler version
configure:3485: gcc --version >&5
Apple LLVM version 10.0.1 (clang-1001.0.46.4)
Target: x86_64-apple-darwin18.7.0
Thread model: posix
InstalledDir: /Applications/Xcode.app/Contents/Developer/Toolchains/XcodeDefault.xctoolchain/usr/bin
Configured with: --prefix=/Applications/Xcode.app/Contents/Developer/usr --with-gxx-include-dir=/Applications/Xcode.app/Contents/Developer/Platforms/MacOSX.platform/Developer/SDKs/MacOSX10.14.sdk/usr/include/c++/4.2.1
configure:3496: $? = 0
configure:3485: gcc -v >&5
Configured with: --prefix=/Applications/Xcode.app/Contents/Developer/usr --with-gxx-include-dir=/Applications/Xcode.app/Contents/Developer/Platforms/MacOSX.platform/Developer/SDKs/MacOSX10.14.sdk/usr/include/c++/4.2.1
Apple LLVM version 10.0.1 (clang-1001.0.46.4)
Target: x86_64-apple-darwin18.7.0
Thread model: posix
InstalledDir: /Applications/Xcode.app/Contents/Developer/Toolchains/XcodeDefault.xctoolchain/usr/bin
configure:3496: $? = 0
configure:3485: gcc -V >&5
clang: error: unsupported option '-V -Wno-atomic-implicit-seq-cst'
clang: error: no input files
configure:3496: $? = 1
configure:3485: gcc -qversion >&5
clang: error: unknown argument '-qversion', did you mean '--version'?
clang: error: no input files
configure:3496: $? = 1
configure:3516: checking whether the C compiler works
configure:3538: gcc    conftest.c  >&5
configure:3542: $? = 0
configure:3590: result: yes
configure:3593: checking for C compiler default output file name
configure:3595: result: a.out
configure:3601: checking for suffix of executables
configure:3608: gcc -o conftest    conftest.c  >&5
configure:3612: $? = 0
configure:3634: result: 
configure:3656: checking whether we are cross compiling
configure:3664: gcc -o conftest    conftest.c  >&5
configure:3668: $? = 0
configure:3675: ./conftest
configure:3679: $? = 0
configure:3694: result: no
configure:3699: checking for suffix of object files
configure:3721: gcc -c   conftest.c >&5
configure:3725: $? = 0
configure:3746: result: o
configure:3750: checking whether we are using the GNU C compiler
configure:3769: gcc -c   conftest.c >&5
configure:3769: $? = 0
configure:3778: result: yes
configure:3787: checking whether gcc accepts -g
configure:3807: gcc -c -g  conftest.c >&5
configure:3807: $? = 0
configure:3848: result: yes
configure:3865: checking for gcc option to accept ISO C89
configure:3928: gcc  -c -g -O2  conftest.c >&5
configure:3928: $? = 0
configure:3941: result: none needed
configure:3966: checking whether gcc understands -c and -o together
configure:3988: gcc -c conftest.c -o conftest2.o
configure:3991: $? = 0
configure:3988: gcc -c conftest.c -o conftest2.o
configure:3991: $? = 0
configure:4003: result: yes
configure:4023: checking whether make supports the include directive
configure:4038: make -f confmf.GNU && cat confinc.out
this is the am__doit target
configure:4041: $? = 0
configure:4060: result: yes (GNU style)
configure:4085: checking dependency style of gcc
configure:4196: result: gcc3
configure:4218: checking how to run the C preprocessor
configure:4249: gcc -E  conftest.c
configure:4249: $? = 0
configure:4263: gcc -E  conftest.c
conftest.c:11:10: fatal error: 'ac_nonexistent.h' file not found
#include <ac_nonexistent.h>
         ^~~~~~~~~~~~~~~~~~
1 error generated.
configure:4263: $? = 1
configure: failed program was:
| /* confdefs.h */
| #define PACKAGE_NAME "PCRE2"
| #define PACKAGE_TARNAME "pcre2"
| #define PACKAGE_VERSION "10.33"
| #define PACKAGE_STRING "PCRE2 10.33"
| #define PACKAGE_BUGREPORT ""
| #define PACKAGE_URL ""
| #define PACKAGE "pcre2"
| #define VERSION "10.33"
| /* end confdefs.h.  */
| #include <ac_nonexistent.h>
configure:4288: result: gcc -E
configure:4308: gcc -E  conftest.c
configure:4308: $? = 0
configure:4322: gcc -E  conftest.c
conftest.c:11:10: fatal error: 'ac_nonexistent.h' file not found
#include <ac_nonexistent.h>
         ^~~~~~~~~~~~~~~~~~
1 error generated.
configure:4322: $? = 1
configure: failed program was:
| /* confdefs.h */
| #define PACKAGE_NAME "PCRE2"
| #define PACKAGE_TARNAME "pcre2"
| #define PACKAGE_VERSION "10.33"
| #define PACKAGE_STRING "PCRE2 10.33"
| #define PACKAGE_BUGREPORT ""
| #define PACKAGE_URL ""
| #define PACKAGE "pcre2"
| #define VERSION "10.33"
| /* end confdefs.h.  */
| #include <ac_nonexistent.h>
configure:4351: checking for grep that handles long lines and -e
configure:4409: result: /usr/bin/grep
configure:4414: checking for egrep
configure:4476: result: /usr/bin/grep -E
configure:4481: checking for ANSI C header files
configure:4501: gcc -c -g -O2  conftest.c >&5
configure:4501: $? = 0
configure:4574: gcc -o conftest -g -O2   conftest.c  >&5
configure:4574: $? = 0
configure:4574: ./conftest
configure:4574: $? = 0
configure:4585: result: yes
configure:4598: checking for sys/types.h
configure:4598: gcc -c -g -O2  conftest.c >&5
configure:4598: $? = 0
configure:4598: result: yes
configure:4598: checking for sys/stat.h
configure:4598: gcc -c -g -O2  conftest.c >&5
configure:4598: $? = 0
configure:4598: result: yes
configure:4598: checking for stdlib.h
configure:4598: gcc -c -g -O2  conftest.c >&5
configure:4598: $? = 0
configure:4598: result: yes
configure:4598: checking for string.h
configure:4598: gcc -c -g -O2  conftest.c >&5
configure:4598: $? = 0
configure:4598: result: yes
configure:4598: checking for memory.h
configure:4598: gcc -c -g -O2  conftest.c >&5
configure:4598: $? = 0
configure:4598: result: yes
configure:4598: checking for strings.h
configure:4598: gcc -c -g -O2  conftest.c >&5
configure:4598: $? = 0
configure:4598: result: yes
configure:4598: checking for inttypes.h
configure:4598: gcc -c -g -O2  conftest.c >&5
configure:4598: $? = 0
configure:4598: result: yes
configure:4598: checking for stdint.h
configure:4598: gcc -c -g -O2  conftest.c >&5
configure:4598: $? = 0
configure:4598: result: yes
configure:4598: checking for unistd.h
configure:4598: gcc -c -g -O2  conftest.c >&5
configure:4598: $? = 0
configure:4598: result: yes
configure:4611: checking minix/config.h usability
configure:4611: gcc -c -g -O2  conftest.c >&5
conftest.c:54:10: fatal error: 'minix/config.h' file not found
#include <minix/config.h>
         ^~~~~~~~~~~~~~~~
1 error generated.
configure:4611: $? = 1
configure: failed program was:
| /* confdefs.h */
| #define PACKAGE_NAME "PCRE2"
| #define PACKAGE_TARNAME "pcre2"
| #define PACKAGE_VERSION "10.33"
| #define PACKAGE_STRING "PCRE2 10.33"
| #define PACKAGE_BUGREPORT ""
| #define PACKAGE_URL ""
| #define PACKAGE "pcre2"
| #define VERSION "10.33"
| #define STDC_HEADERS 1
| #define HAVE_SYS_TYPES_H 1
| #define HAVE_SYS_STAT_H 1
| #define HAVE_STDLIB_H 1
| #define HAVE_STRING_H 1
| #define HAVE_MEMORY_H 1
| #define HAVE_STRINGS_H 1
| #define HAVE_INTTYPES_H 1
| #define HAVE_STDINT_H 1
| #define HAVE_UNISTD_H 1
| /* end confdefs.h.  */
| #include <stdio.h>
| #ifdef HAVE_SYS_TYPES_H
| # include <sys/types.h>
| #endif
| #ifdef HAVE_SYS_STAT_H
| # include <sys/stat.h>
| #endif
| #ifdef STDC_HEADERS
| # include <stdlib.h>
| # include <stddef.h>
| #else
| # ifdef HAVE_STDLIB_H
| #  include <stdlib.h>
| # endif
| #endif
| #ifdef HAVE_STRING_H
| # if !defined STDC_HEADERS && defined HAVE_MEMORY_H
| #  include <memory.h>
| # endif
| # include <string.h>
| #endif
| #ifdef HAVE_STRINGS_H
| # include <strings.h>
| #endif
| #ifdef HAVE_INTTYPES_H
| # include <inttypes.h>
| #endif
| #ifdef HAVE_STDINT_H
| # include <stdint.h>
| #endif
| #ifdef HAVE_UNISTD_H
| # include <unistd.h>
| #endif
| #include <minix/config.h>
configure:4611: result: no
configure:4611: checking minix/config.h presence
configure:4611: gcc -E  conftest.c
conftest.c:21:10: fatal error: 'minix/config.h' file not found
#include <minix/config.h>
         ^~~~~~~~~~~~~~~~
1 error generated.
configure:4611: $? = 1
configure: failed program was:
| /* confdefs.h */
| #define PACKAGE_NAME "PCRE2"
| #define PACKAGE_TARNAME "pcre2"
| #define PACKAGE_VERSION "10.33"
| #define PACKAGE_STRING "PCRE2 10.33"
| #define PACKAGE_BUGREPORT ""
| #define PACKAGE_URL ""
| #define PACKAGE "pcre2"
| #define VERSION "10.33"
| #define STDC_HEADERS 1
| #define HAVE_SYS_TYPES_H 1
| #define HAVE_SYS_STAT_H 1
| #define HAVE_STDLIB_H 1
| #define HAVE_STRING_H 1
| #define HAVE_MEMORY_H 1
| #define HAVE_STRINGS_H 1
| #define HAVE_INTTYPES_H 1
| #define HAVE_STDINT_H 1
| #define HAVE_UNISTD_H 1
| /* end confdefs.h.  */
| #include <minix/config.h>
configure:4611: result: no
configure:4611: checking for minix/config.h
configure:4611: result: no
configure:4632: checking whether it is safe to define __EXTENSIONS__
configure:4650: gcc -c -g -O2  conftest.c >&5
configure:4650: $? = 0
configure:4657: result: yes
configure:4733: checking for ar
configure:4749: found /usr/bin/ar
configure:4760: result: ar
configure:4786: checking the archiver (ar) interface
configure:4802: gcc -c -O2  conftest.c >&5
configure:4802: $? = 0
configure:4804: ar cru libconftest.a conftest.o >&5
configure:4807: $? = 0
configure:4835: result: ar
configure:4857: checking for int64_t
configure:4857: gcc -c -O2  conftest.c >&5
configure:4857: $? = 0
configure:4857: gcc -c -O2  conftest.c >&5
conftest.c:63:24: error: 'test_array' declared as an array with a negative size
static int test_array [1 - 2 * !((int64_t) (((((int64_t) 1 << N) << N) - 1) * 2 + 1)
                       ^~~~~~~~~~~~~~~~~~~~~~~~~~~~~~~~~~~~~~~~~~~~~~~~~~~~~~~~~~~~~
1 error generated.
configure:4857: $? = 1
configure: failed program was:
| /* confdefs.h */
| #define PACKAGE_NAME "PCRE2"
| #define PACKAGE_TARNAME "pcre2"
| #define PACKAGE_VERSION "10.33"
| #define PACKAGE_STRING "PCRE2 10.33"
| #define PACKAGE_BUGREPORT ""
| #define PACKAGE_URL ""
| #define PACKAGE "pcre2"
| #define VERSION "10.33"
| #define STDC_HEADERS 1
| #define HAVE_SYS_TYPES_H 1
| #define HAVE_SYS_STAT_H 1
| #define HAVE_STDLIB_H 1
| #define HAVE_STRING_H 1
| #define HAVE_MEMORY_H 1
| #define HAVE_STRINGS_H 1
| #define HAVE_INTTYPES_H 1
| #define HAVE_STDINT_H 1
| #define HAVE_UNISTD_H 1
| #define __EXTENSIONS__ 1
| #define _ALL_SOURCE 1
| #define _GNU_SOURCE 1
| #define _POSIX_PTHREAD_SEMANTICS 1
| #define _TANDEM_SOURCE 1
| /* end confdefs.h.  */
| #include <stdio.h>
| #ifdef HAVE_SYS_TYPES_H
| # include <sys/types.h>
| #endif
| #ifdef HAVE_SYS_STAT_H
| # include <sys/stat.h>
| #endif
| #ifdef STDC_HEADERS
| # include <stdlib.h>
| # include <stddef.h>
| #else
| # ifdef HAVE_STDLIB_H
| #  include <stdlib.h>
| # endif
| #endif
| #ifdef HAVE_STRING_H
| # if !defined STDC_HEADERS && defined HAVE_MEMORY_H
| #  include <memory.h>
| # endif
| # include <string.h>
| #endif
| #ifdef HAVE_STRINGS_H
| # include <strings.h>
| #endif
| #ifdef HAVE_INTTYPES_H
| # include <inttypes.h>
| #endif
| #ifdef HAVE_STDINT_H
| # include <stdint.h>
| #endif
| #ifdef HAVE_UNISTD_H
| # include <unistd.h>
| #endif
| 	        enum { N = 64 / 2 - 1 };
| int
| main ()
| {
| static int test_array [1 - 2 * !((int64_t) (((((int64_t) 1 << N) << N) - 1) * 2 + 1)
| 		 < (int64_t) (((((int64_t) 1 << N) << N) - 1) * 2 + 2))];
| test_array [0] = 0;
| return test_array [0];
| 
|   ;
|   return 0;
| }
configure:4857: result: yes
configure:4874: checking build system type
configure:4888: result: x86_64-apple-darwin18.7.0
configure:4908: checking host system type
configure:4921: result: x86_64-apple-darwin18.7.0
configure:5290: checking how to print strings
configure:5317: result: printf
configure:5338: checking for a sed that does not truncate output
configure:5402: result: /usr/local/bin/gsed
configure:5420: checking for fgrep
configure:5482: result: /usr/bin/grep -F
configure:5517: checking for ld used by gcc
configure:5584: result: /Applications/Xcode.app/Contents/Developer/Toolchains/XcodeDefault.xctoolchain/usr/bin/ld
configure:5591: checking if the linker (/Applications/Xcode.app/Contents/Developer/Toolchains/XcodeDefault.xctoolchain/usr/bin/ld) is GNU ld
configure:5606: result: no
configure:5618: checking for BSD- or MS-compatible name lister (nm)
configure:5672: result: /usr/bin/nm -B
configure:5802: checking the name lister (/usr/bin/nm -B) interface
configure:5809: gcc -c -O2  conftest.c >&5
configure:5812: /usr/bin/nm -B "conftest.o"
configure:5815: output
0000000000000000 S _some_variable
configure:5822: result: BSD nm
configure:5825: checking whether ln -s works
configure:5829: result: yes
configure:5837: checking the maximum length of command line arguments
configure:5968: result: 196608
configure:6016: checking how to convert x86_64-apple-darwin18.7.0 file names to x86_64-apple-darwin18.7.0 format
configure:6056: result: func_convert_file_noop
configure:6063: checking how to convert x86_64-apple-darwin18.7.0 file names to toolchain format
configure:6083: result: func_convert_file_noop
configure:6090: checking for /Applications/Xcode.app/Contents/Developer/Toolchains/XcodeDefault.xctoolchain/usr/bin/ld option to reload object files
configure:6097: result: -r
configure:6171: checking for objdump
configure:6198: result: objdump
configure:6227: checking how to recognize dependent libraries
configure:6427: result: pass_all
configure:6512: checking for dlltool
configure:6539: result: dlltool
configure:6569: checking how to associate runtime and link libraries
configure:6596: result: printf %s\n
configure:6720: checking for archiver @FILE support
configure:6737: gcc -c -O2  conftest.c >&5
configure:6737: $? = 0
configure:6740: ar cru libconftest.a @conftest.lst >&5
ar: @conftest.lst: No such file or directory
configure:6743: $? = 1
configure:6763: result: no
configure:6821: checking for strip
configure:6837: found /usr/bin/strip
configure:6848: result: strip
configure:6920: checking for ranlib
configure:6936: found /usr/bin/ranlib
configure:6947: result: ranlib
configure:7049: checking command to parse /usr/bin/nm -B output from gcc object
configure:7202: gcc -c -O2  conftest.c >&5
configure:7205: $? = 0
configure:7209: /usr/bin/nm -B conftest.o \| sed -n -e 's/^.*[ ]\([BCDEGRST][BCDEGRST]*\)[ ][ ]*\([_A-Za-z][_A-Za-z0-9]*\)$/\1 \2 \2/p' | sed '/ __gnu_lto/d' \> conftest.nm
configure:7212: $? = 0
cannot find nm_test_var in conftest.nm
configure:7202: gcc -c -O2  conftest.c >&5
configure:7205: $? = 0
configure:7209: /usr/bin/nm -B conftest.o \| sed -n -e 's/^.*[ ]\([BCDEGRST][BCDEGRST]*\)[ ][ ]*_\([_A-Za-z][_A-Za-z0-9]*\)$/\1 _\2 \2/p' | sed '/ __gnu_lto/d' \> conftest.nm
configure:7212: $? = 0
configure:7278: gcc -o conftest -O2   conftest.c conftstm.o >&5
configure:7281: $? = 0
configure:7319: result: ok
configure:7366: checking for sysroot
configure:7396: result: no
configure:7403: checking for a working dd
configure:7441: result: /bin/dd
configure:7445: checking how to truncate binary pipes
configure:7460: result: /bin/dd bs=4096 count=1
configure:7789: checking for mt
configure:7819: result: no
configure:7839: checking if : is a manifest tool
configure:7845: : '-?'
configure:7853: result: no
configure:7909: checking for dsymutil
configure:7925: found /usr/bin/dsymutil
configure:7936: result: dsymutil
configure:8001: checking for nmedit
configure:8017: found /usr/bin/nmedit
configure:8028: result: nmedit
configure:8093: checking for lipo
configure:8109: found /usr/bin/lipo
configure:8120: result: lipo
configure:8185: checking for otool
configure:8201: found /usr/bin/otool
configure:8212: result: otool
configure:8277: checking for otool64
configure:8307: result: no
configure:8352: checking for -single_module linker flag
gcc -O2  -o libconftest.dylib -dynamiclib -Wl,-single_module conftest.c
configure:8385: result: yes
configure:8388: checking for -exported_symbols_list linker flag
configure:8408: gcc -o conftest -O2   -Wl,-exported_symbols_list,conftest.sym conftest.c  >&5
configure:8408: $? = 0
configure:8418: result: yes
configure:8421: checking for -force_load linker flag
gcc -O2 -c -o conftest.o conftest.c
ar cru libconftest.a conftest.o
ranlib libconftest.a
gcc -O2  -o conftest conftest.c -Wl,-force_load,./libconftest.a
configure:8453: result: yes
configure:8527: checking for dlfcn.h
configure:8527: gcc -c -O2  conftest.c >&5
configure:8527: $? = 0
configure:8527: result: yes
configure:8781: checking for objdir
configure:8796: result: .libs
configure:9060: checking if gcc supports -fno-rtti -fno-exceptions
configure:9078: gcc -c -O2  -fno-rtti -fno-exceptions conftest.c >&5
configure:9082: $? = 0
configure:9095: result: yes
configure:9453: checking for gcc option to produce PIC
configure:9460: result: -fno-common -DPIC
configure:9468: checking if gcc PIC flag -fno-common -DPIC works
configure:9486: gcc -c -O2  -fno-common -DPIC -DPIC conftest.c >&5
configure:9490: $? = 0
configure:9503: result: yes
configure:9532: checking if gcc static flag -static works
configure:9560: result: no
configure:9575: checking if gcc supports -c -o file.o
configure:9596: gcc -c -O2  -o out/conftest2.o conftest.c >&5
configure:9600: $? = 0
configure:9622: result: yes
configure:9630: checking if gcc supports -c -o file.o
configure:9677: result: yes
configure:9710: checking whether the gcc linker (/Applications/Xcode.app/Contents/Developer/Toolchains/XcodeDefault.xctoolchain/usr/bin/ld) supports shared libraries
configure:10969: result: yes
configure:11209: checking dynamic linker characteristics
configure:12027: result: darwin18.7.0 dyld
configure:12149: checking how to hardcode library paths into programs
configure:12174: result: immediate
configure:12722: checking whether stripping libraries is possible
configure:12736: result: yes
configure:12762: checking if libtool supports shared libraries
configure:12764: result: yes
configure:12767: checking whether to build shared libraries
configure:12792: result: yes
configure:12795: checking whether to build static libraries
configure:12799: result: yes
configure:12836: checking whether ln -s works
configure:12840: result: yes
configure:12856: checking whether the -Werror option is usable
configure:12875: gcc -c -O2 -Werror  conftest.c >&5
configure:12875: $? = 0
configure:12884: result: yes
configure:12886: checking for simple visibility declarations
configure:12913: gcc -c -O2 -fvisibility=hidden -Werror  conftest.c >&5
configure:12913: $? = 0
configure:12922: result: yes
configure:13461: checking for ANSI C header files
configure:13565: result: yes
configure:13576: checking limits.h usability
configure:13576: gcc -c -O2  conftest.c >&5
configure:13576: $? = 0
configure:13576: result: yes
configure:13576: checking limits.h presence
configure:13576: gcc -E  conftest.c
configure:13576: $? = 0
configure:13576: result: yes
configure:13576: checking for limits.h
configure:13576: result: yes
configure:13576: checking for sys/types.h
configure:13576: result: yes
configure:13576: checking for sys/stat.h
configure:13576: result: yes
configure:13576: checking dirent.h usability
configure:13576: gcc -c -O2  conftest.c >&5
configure:13576: $? = 0
configure:13576: result: yes
configure:13576: checking dirent.h presence
configure:13576: gcc -E  conftest.c
configure:13576: $? = 0
configure:13576: result: yes
configure:13576: checking for dirent.h
configure:13576: result: yes
configure:13588: checking windows.h usability
configure:13588: gcc -c -O2  conftest.c >&5
conftest.c:71:10: fatal error: 'windows.h' file not found
#include <windows.h>
         ^~~~~~~~~~~
1 error generated.
configure:13588: $? = 1
configure: failed program was:
| /* confdefs.h */
| #define PACKAGE_NAME "PCRE2"
| #define PACKAGE_TARNAME "pcre2"
| #define PACKAGE_VERSION "10.33"
| #define PACKAGE_STRING "PCRE2 10.33"
| #define PACKAGE_BUGREPORT ""
| #define PACKAGE_URL ""
| #define PACKAGE "pcre2"
| #define VERSION "10.33"
| #define STDC_HEADERS 1
| #define HAVE_SYS_TYPES_H 1
| #define HAVE_SYS_STAT_H 1
| #define HAVE_STDLIB_H 1
| #define HAVE_STRING_H 1
| #define HAVE_MEMORY_H 1
| #define HAVE_STRINGS_H 1
| #define HAVE_INTTYPES_H 1
| #define HAVE_STDINT_H 1
| #define HAVE_UNISTD_H 1
| #define __EXTENSIONS__ 1
| #define _ALL_SOURCE 1
| #define _GNU_SOURCE 1
| #define _POSIX_PTHREAD_SEMANTICS 1
| #define _TANDEM_SOURCE 1
| #define HAVE_DLFCN_H 1
| #define LT_OBJDIR ".libs/"
| #define PCRE2_EXP_DECL extern __attribute__ ((visibility ("default")))
| #define PCRE2_EXP_DEFN __attribute__ ((visibility ("default")))
| #define PCRE2POSIX_EXP_DECL extern __attribute__ ((visibility ("default")))
| #define PCRE2POSIX_EXP_DEFN extern __attribute__ ((visibility ("default")))
| #define HAVE_VISIBILITY 1
| #define STDC_HEADERS 1
| #define HAVE_LIMITS_H 1
| #define HAVE_SYS_TYPES_H 1
| #define HAVE_SYS_STAT_H 1
| #define HAVE_DIRENT_H 1
| /* end confdefs.h.  */
| #include <stdio.h>
| #ifdef HAVE_SYS_TYPES_H
| # include <sys/types.h>
| #endif
| #ifdef HAVE_SYS_STAT_H
| # include <sys/stat.h>
| #endif
| #ifdef STDC_HEADERS
| # include <stdlib.h>
| # include <stddef.h>
| #else
| # ifdef HAVE_STDLIB_H
| #  include <stdlib.h>
| # endif
| #endif
| #ifdef HAVE_STRING_H
| # if !defined STDC_HEADERS && defined HAVE_MEMORY_H
| #  include <memory.h>
| # endif
| # include <string.h>
| #endif
| #ifdef HAVE_STRINGS_H
| # include <strings.h>
| #endif
| #ifdef HAVE_INTTYPES_H
| # include <inttypes.h>
| #endif
| #ifdef HAVE_STDINT_H
| # include <stdint.h>
| #endif
| #ifdef HAVE_UNISTD_H
| # include <unistd.h>
| #endif
| #include <windows.h>
configure:13588: result: no
configure:13588: checking windows.h presence
configure:13588: gcc -E  conftest.c
conftest.c:38:10: fatal error: 'windows.h' file not found
#include <windows.h>
         ^~~~~~~~~~~
1 error generated.
configure:13588: $? = 1
configure: failed program was:
| /* confdefs.h */
| #define PACKAGE_NAME "PCRE2"
| #define PACKAGE_TARNAME "pcre2"
| #define PACKAGE_VERSION "10.33"
| #define PACKAGE_STRING "PCRE2 10.33"
| #define PACKAGE_BUGREPORT ""
| #define PACKAGE_URL ""
| #define PACKAGE "pcre2"
| #define VERSION "10.33"
| #define STDC_HEADERS 1
| #define HAVE_SYS_TYPES_H 1
| #define HAVE_SYS_STAT_H 1
| #define HAVE_STDLIB_H 1
| #define HAVE_STRING_H 1
| #define HAVE_MEMORY_H 1
| #define HAVE_STRINGS_H 1
| #define HAVE_INTTYPES_H 1
| #define HAVE_STDINT_H 1
| #define HAVE_UNISTD_H 1
| #define __EXTENSIONS__ 1
| #define _ALL_SOURCE 1
| #define _GNU_SOURCE 1
| #define _POSIX_PTHREAD_SEMANTICS 1
| #define _TANDEM_SOURCE 1
| #define HAVE_DLFCN_H 1
| #define LT_OBJDIR ".libs/"
| #define PCRE2_EXP_DECL extern __attribute__ ((visibility ("default")))
| #define PCRE2_EXP_DEFN __attribute__ ((visibility ("default")))
| #define PCRE2POSIX_EXP_DECL extern __attribute__ ((visibility ("default")))
| #define PCRE2POSIX_EXP_DEFN extern __attribute__ ((visibility ("default")))
| #define HAVE_VISIBILITY 1
| #define STDC_HEADERS 1
| #define HAVE_LIMITS_H 1
| #define HAVE_SYS_TYPES_H 1
| #define HAVE_SYS_STAT_H 1
| #define HAVE_DIRENT_H 1
| /* end confdefs.h.  */
| #include <windows.h>
configure:13588: result: no
configure:13588: checking for windows.h
configure:13588: result: no
configure:13600: checking sys/wait.h usability
configure:13600: gcc -c -O2  conftest.c >&5
configure:13600: $? = 0
configure:13600: result: yes
configure:13600: checking sys/wait.h presence
configure:13600: gcc -E  conftest.c
configure:13600: $? = 0
configure:13600: result: yes
configure:13600: checking for sys/wait.h
configure:13600: result: yes
configure:13692: checking for an ANSI C-conforming const
configure:13758: gcc -c -O2  conftest.c >&5
configure:13758: $? = 0
configure:13765: result: yes
configure:13773: checking for size_t
configure:13773: gcc -c -O2  conftest.c >&5
configure:13773: $? = 0
configure:13773: gcc -c -O2  conftest.c >&5
conftest.c:75:21: error: expected expression
if (sizeof ((size_t)))
                    ^
1 error generated.
configure:13773: $? = 1
configure: failed program was:
| /* confdefs.h */
| #define PACKAGE_NAME "PCRE2"
| #define PACKAGE_TARNAME "pcre2"
| #define PACKAGE_VERSION "10.33"
| #define PACKAGE_STRING "PCRE2 10.33"
| #define PACKAGE_BUGREPORT ""
| #define PACKAGE_URL ""
| #define PACKAGE "pcre2"
| #define VERSION "10.33"
| #define STDC_HEADERS 1
| #define HAVE_SYS_TYPES_H 1
| #define HAVE_SYS_STAT_H 1
| #define HAVE_STDLIB_H 1
| #define HAVE_STRING_H 1
| #define HAVE_MEMORY_H 1
| #define HAVE_STRINGS_H 1
| #define HAVE_INTTYPES_H 1
| #define HAVE_STDINT_H 1
| #define HAVE_UNISTD_H 1
| #define __EXTENSIONS__ 1
| #define _ALL_SOURCE 1
| #define _GNU_SOURCE 1
| #define _POSIX_PTHREAD_SEMANTICS 1
| #define _TANDEM_SOURCE 1
| #define HAVE_DLFCN_H 1
| #define LT_OBJDIR ".libs/"
| #define PCRE2_EXP_DECL extern __attribute__ ((visibility ("default")))
| #define PCRE2_EXP_DEFN __attribute__ ((visibility ("default")))
| #define PCRE2POSIX_EXP_DECL extern __attribute__ ((visibility ("default")))
| #define PCRE2POSIX_EXP_DEFN extern __attribute__ ((visibility ("default")))
| #define HAVE_VISIBILITY 1
| #define STDC_HEADERS 1
| #define HAVE_LIMITS_H 1
| #define HAVE_SYS_TYPES_H 1
| #define HAVE_SYS_STAT_H 1
| #define HAVE_DIRENT_H 1
| #define HAVE_SYS_WAIT_H 1
| /* end confdefs.h.  */
| #include <stdio.h>
| #ifdef HAVE_SYS_TYPES_H
| # include <sys/types.h>
| #endif
| #ifdef HAVE_SYS_STAT_H
| # include <sys/stat.h>
| #endif
| #ifdef STDC_HEADERS
| # include <stdlib.h>
| # include <stddef.h>
| #else
| # ifdef HAVE_STDLIB_H
| #  include <stdlib.h>
| # endif
| #endif
| #ifdef HAVE_STRING_H
| # if !defined STDC_HEADERS && defined HAVE_MEMORY_H
| #  include <memory.h>
| # endif
| # include <string.h>
| #endif
| #ifdef HAVE_STRINGS_H
| # include <strings.h>
| #endif
| #ifdef HAVE_INTTYPES_H
| # include <inttypes.h>
| #endif
| #ifdef HAVE_STDINT_H
| # include <stdint.h>
| #endif
| #ifdef HAVE_UNISTD_H
| # include <unistd.h>
| #endif
| int
| main ()
| {
| if (sizeof ((size_t)))
| 	    return 0;
|   ;
|   return 0;
| }
configure:13773: result: yes
configure:13790: checking for bcopy
configure:13790: gcc -o conftest -O2   conftest.c  >&5
configure:13790: $? = 0
configure:13790: result: yes
configure:13790: checking for memmove
configure:13790: gcc -o conftest -O2   conftest.c  >&5
conftest.c:63:6: warning: incompatible redeclaration of library function 'memmove' [-Wincompatible-library-redeclaration]
char memmove ();
     ^
conftest.c:63:6: note: 'memmove' is a builtin with type 'void *(void *, const void *, unsigned long)'
1 warning generated.
configure:13790: $? = 0
configure:13790: result: yes
configure:13790: checking for strerror
configure:13790: gcc -o conftest -O2   conftest.c  >&5
conftest.c:64:6: warning: incompatible redeclaration of library function 'strerror' [-Wincompatible-library-redeclaration]
char strerror ();
     ^
conftest.c:64:6: note: 'strerror' is a builtin with type 'char *(int)'
1 warning generated.
configure:13790: $? = 0
configure:13790: result: yes
configure:13790: checking for mkostemp
configure:13790: gcc -o conftest -O2   conftest.c  >&5
configure:13790: $? = 0
configure:13790: result: yes
configure:13790: checking for secure_getenv
configure:13790: gcc -o conftest -O2   conftest.c  >&5
Undefined symbols for architecture x86_64:
  "_secure_getenv", referenced from:
      _main in conftest-c84152.o
ld: symbol(s) not found for architecture x86_64
clang: error: linker command failed with exit code 1 (use -v to see invocation)
configure:13790: $? = 1
configure: failed program was:
| /* confdefs.h */
| #define PACKAGE_NAME "PCRE2"
| #define PACKAGE_TARNAME "pcre2"
| #define PACKAGE_VERSION "10.33"
| #define PACKAGE_STRING "PCRE2 10.33"
| #define PACKAGE_BUGREPORT ""
| #define PACKAGE_URL ""
| #define PACKAGE "pcre2"
| #define VERSION "10.33"
| #define STDC_HEADERS 1
| #define HAVE_SYS_TYPES_H 1
| #define HAVE_SYS_STAT_H 1
| #define HAVE_STDLIB_H 1
| #define HAVE_STRING_H 1
| #define HAVE_MEMORY_H 1
| #define HAVE_STRINGS_H 1
| #define HAVE_INTTYPES_H 1
| #define HAVE_STDINT_H 1
| #define HAVE_UNISTD_H 1
| #define __EXTENSIONS__ 1
| #define _ALL_SOURCE 1
| #define _GNU_SOURCE 1
| #define _POSIX_PTHREAD_SEMANTICS 1
| #define _TANDEM_SOURCE 1
| #define HAVE_DLFCN_H 1
| #define LT_OBJDIR ".libs/"
| #define PCRE2_EXP_DECL extern __attribute__ ((visibility ("default")))
| #define PCRE2_EXP_DEFN __attribute__ ((visibility ("default")))
| #define PCRE2POSIX_EXP_DECL extern __attribute__ ((visibility ("default")))
| #define PCRE2POSIX_EXP_DEFN extern __attribute__ ((visibility ("default")))
| #define HAVE_VISIBILITY 1
| #define STDC_HEADERS 1
| #define HAVE_LIMITS_H 1
| #define HAVE_SYS_TYPES_H 1
| #define HAVE_SYS_STAT_H 1
| #define HAVE_DIRENT_H 1
| #define HAVE_SYS_WAIT_H 1
| #define HAVE_BCOPY 1
| #define HAVE_MEMMOVE 1
| #define HAVE_STRERROR 1
| #define HAVE_MKOSTEMP 1
| /* end confdefs.h.  */
| /* Define secure_getenv to an innocuous variant, in case <limits.h> declares secure_getenv.
|    For example, HP-UX 11i <limits.h> declares gettimeofday.  */
| #define secure_getenv innocuous_secure_getenv
| 
| /* System header to define __stub macros and hopefully few prototypes,
|     which can conflict with char secure_getenv (); below.
|     Prefer <limits.h> to <assert.h> if __STDC__ is defined, since
|     <limits.h> exists even on freestanding compilers.  */
| 
| #ifdef __STDC__
| # include <limits.h>
| #else
| # include <assert.h>
| #endif
| 
| #undef secure_getenv
| 
| /* Override any GCC internal prototype to avoid an error.
|    Use char because int might match the return type of a GCC
|    builtin and then its argument prototype would still apply.  */
| #ifdef __cplusplus
| extern "C"
| #endif
| char secure_getenv ();
| /* The GNU C library defines this for functions which it implements
|     to always fail with ENOSYS.  Some functions are actually named
|     something starting with __ and the normal name is an alias.  */
| #if defined __stub_secure_getenv || defined __stub___secure_getenv
| choke me
| #endif
| 
| int
| main ()
| {
| return secure_getenv ();
|   ;
|   return 0;
| }
configure:13790: result: no
configure:13804: checking zlib.h usability
configure:13804: gcc -c -O2  conftest.c >&5
configure:13804: $? = 0
configure:13804: result: yes
configure:13804: checking zlib.h presence
configure:13804: gcc -E  conftest.c
configure:13804: $? = 0
configure:13804: result: yes
configure:13804: checking for zlib.h
configure:13804: result: yes
configure:13814: checking for gzopen in -lz
configure:13839: gcc -o conftest -O2   conftest.c -lz   >&5
configure:13839: $? = 0
configure:13848: result: yes
configure:13873: checking bzlib.h usability
configure:13873: gcc -c -O2  conftest.c >&5
configure:13873: $? = 0
configure:13873: result: yes
configure:13873: checking bzlib.h presence
configure:13873: gcc -E  conftest.c
configure:13873: $? = 0
configure:13873: result: yes
configure:13873: checking for bzlib.h
configure:13873: result: yes
configure:13888: checking for libbz2
configure:13906: gcc -o conftest -O2   conftest.c  -lbz2 >&5
configure:13906: $? = 0
configure:13907: result: yes
configure:15537: checking that generated files are newer than configure
configure:15543: result: done
configure:15606: creating ./config.status

## ---------------------- ##
## Running config.status. ##
## ---------------------- ##

This file was extended by PCRE2 config.status 10.33, which was
generated by GNU Autoconf 2.69.  Invocation command line was

  CONFIG_FILES    = 
  CONFIG_HEADERS  = 
  CONFIG_LINKS    = 
  CONFIG_COMMANDS = 
  $ ./config.status 

on Thad-Megows-MacBook-Pro.local

config.status:1180: creating Makefile
config.status:1180: creating libpcre2-8.pc
config.status:1180: creating libpcre2-16.pc
config.status:1180: creating libpcre2-32.pc
config.status:1180: creating libpcre2-posix.pc
config.status:1180: creating pcre2-config
config.status:1180: creating src/pcre2.h
config.status:1180: creating src/config.h
config.status:1361: src/config.h is unchanged
config.status:1409: executing depfiles commands
config.status:1486: cd .       && sed -e '/# am--include-marker/d' Makefile         | make -f - am--depfiles
make: Nothing to be done for `am--depfiles'.
config.status:1491: $? = 0
config.status:1409: executing libtool commands
config.status:1409: executing script-chmod commands
config.status:1409: executing delete-old-chartables commands

## ---------------- ##
## Cache variables. ##
## ---------------- ##

ac_cv_build=x86_64-apple-darwin18.7.0
ac_cv_c_compiler_gnu=yes
ac_cv_c_const=yes
ac_cv_c_int64_t=yes
ac_cv_env_CC_set=
ac_cv_env_CC_value=
ac_cv_env_CFLAGS_set=
ac_cv_env_CFLAGS_value=
ac_cv_env_CPPFLAGS_set=
ac_cv_env_CPPFLAGS_value=
ac_cv_env_CPP_set=
ac_cv_env_CPP_value=
ac_cv_env_GENHTML_set=
ac_cv_env_GENHTML_value=
ac_cv_env_LCOV_set=
ac_cv_env_LCOV_value=
ac_cv_env_LDFLAGS_set=
ac_cv_env_LDFLAGS_value=
ac_cv_env_LIBS_set=
ac_cv_env_LIBS_value=
ac_cv_env_LT_SYS_LIBRARY_PATH_set=
ac_cv_env_LT_SYS_LIBRARY_PATH_value=
ac_cv_env_PKG_CONFIG_LIBDIR_set=
ac_cv_env_PKG_CONFIG_LIBDIR_value=
ac_cv_env_PKG_CONFIG_PATH_set=
ac_cv_env_PKG_CONFIG_PATH_value=
ac_cv_env_PKG_CONFIG_set=
ac_cv_env_PKG_CONFIG_value=
ac_cv_env_VALGRIND_CFLAGS_set=
ac_cv_env_VALGRIND_CFLAGS_value=
ac_cv_env_VALGRIND_LIBS_set=
ac_cv_env_VALGRIND_LIBS_value=
ac_cv_env_build_alias_set=
ac_cv_env_build_alias_value=
ac_cv_env_host_alias_set=
ac_cv_env_host_alias_value=
ac_cv_env_target_alias_set=
ac_cv_env_target_alias_value=
ac_cv_func_bcopy=yes
ac_cv_func_memmove=yes
ac_cv_func_mkostemp=yes
ac_cv_func_secure_getenv=no
ac_cv_func_strerror=yes
ac_cv_header_bzlib_h=yes
ac_cv_header_dirent_h=yes
ac_cv_header_dlfcn_h=yes
ac_cv_header_inttypes_h=yes
ac_cv_header_limits_h=yes
ac_cv_header_memory_h=yes
ac_cv_header_minix_config_h=no
ac_cv_header_stdc=yes
ac_cv_header_stdint_h=yes
ac_cv_header_stdlib_h=yes
ac_cv_header_string_h=yes
ac_cv_header_strings_h=yes
ac_cv_header_sys_stat_h=yes
ac_cv_header_sys_types_h=yes
ac_cv_header_sys_wait_h=yes
ac_cv_header_unistd_h=yes
ac_cv_header_windows_h=no
ac_cv_header_zlib_h=yes
ac_cv_host=x86_64-apple-darwin18.7.0
ac_cv_lib_z_gzopen=yes
ac_cv_objext=o
ac_cv_path_EGREP='/usr/bin/grep -E'
ac_cv_path_FGREP='/usr/bin/grep -F'
ac_cv_path_GREP=/usr/bin/grep
ac_cv_path_SED=/usr/local/bin/gsed
ac_cv_path_install='/usr/local/bin/ginstall -c'
ac_cv_path_lt_DD=/bin/dd
ac_cv_path_mkdir=/usr/local/bin/gmkdir
ac_cv_prog_AWK=awk
ac_cv_prog_CPP='gcc -E'
ac_cv_prog_ac_ct_AR=ar
ac_cv_prog_ac_ct_CC=gcc
ac_cv_prog_ac_ct_DLLTOOL=dlltool
ac_cv_prog_ac_ct_DSYMUTIL=dsymutil
ac_cv_prog_ac_ct_LIPO=lipo
ac_cv_prog_ac_ct_NMEDIT=nmedit
ac_cv_prog_ac_ct_OBJDUMP=objdump
ac_cv_prog_ac_ct_OTOOL=otool
ac_cv_prog_ac_ct_RANLIB=ranlib
ac_cv_prog_ac_ct_STRIP=strip
ac_cv_prog_cc_c89=
ac_cv_prog_cc_g=yes
ac_cv_prog_make_make_set=yes
ac_cv_safe_to_define___extensions__=yes
ac_cv_type_size_t=yes
am_cv_CC_dependencies_compiler_type=gcc3
am_cv_ar_interface=ar
am_cv_make_support_nested_variables=yes
am_cv_prog_cc_c_o=yes
lt_cv_apple_cc_single_mod=yes
lt_cv_ar_at_file=no
lt_cv_deplibs_check_method=pass_all
lt_cv_file_magic_cmd='$MAGIC_CMD'
lt_cv_file_magic_test_file=
lt_cv_ld_exported_symbols_list=yes
lt_cv_ld_force_load=yes
lt_cv_ld_reload_flag=-r
lt_cv_nm_interface='BSD nm'
lt_cv_objdir=.libs
lt_cv_path_LD=/Applications/Xcode.app/Contents/Developer/Toolchains/XcodeDefault.xctoolchain/usr/bin/ld
lt_cv_path_NM='/usr/bin/nm -B'
lt_cv_path_mainfest_tool=no
lt_cv_prog_compiler_c_o=yes
lt_cv_prog_compiler_pic='-fno-common -DPIC'
lt_cv_prog_compiler_pic_works=yes
lt_cv_prog_compiler_rtti_exceptions=yes
lt_cv_prog_compiler_static_works=no
lt_cv_prog_gnu_ld=no
lt_cv_sharedlib_from_linklib_cmd='printf %s\n'
lt_cv_sys_global_symbol_pipe='sed -n -e '\''s/^.*[	 ]\([BCDEGRST][BCDEGRST]*\)[	 ][	 ]*_\([_A-Za-z][_A-Za-z0-9]*\)$/\1 _\2 \2/p'\'' | sed '\''/ __gnu_lto/d'\'''
lt_cv_sys_global_symbol_to_c_name_address='sed -n -e '\''s/^: \(.*\) .*$/  {"\1", (void *) 0},/p'\'' -e '\''s/^[BCDEGRST][BCDEGRST]* .* \(.*\)$/  {"\1", (void *) \&\1},/p'\'''
lt_cv_sys_global_symbol_to_c_name_address_lib_prefix='sed -n -e '\''s/^: \(.*\) .*$/  {"\1", (void *) 0},/p'\'' -e '\''s/^[BCDEGRST][BCDEGRST]* .* \(lib.*\)$/  {"\1", (void *) \&\1},/p'\'' -e '\''s/^[BCDEGRST][BCDEGRST]* .* \(.*\)$/  {"lib\1", (void *) \&\1},/p'\'''
lt_cv_sys_global_symbol_to_cdecl='sed -n -e '\''s/^T .* \(.*\)$/extern int \1();/p'\'' -e '\''s/^[BCDEGRST][BCDEGRST]* .* \(.*\)$/extern char \1;/p'\'''
lt_cv_sys_global_symbol_to_import=
lt_cv_sys_max_cmd_len=196608
lt_cv_to_host_file_cmd=func_convert_file_noop
lt_cv_to_tool_file_cmd=func_convert_file_noop
lt_cv_truncate_bin='/bin/dd bs=4096 count=1'
pcre2_cv_cc_vis_werror=yes
pcre2_cv_cc_visibility=yes

## ----------------- ##
## Output variables. ##
## ----------------- ##

ACLOCAL='${SHELL} /Users/thadmegow/dev/c/jp/pcre2/missing aclocal-1.16'
AMDEPBACKSLASH='\'
AMDEP_FALSE='#'
AMDEP_TRUE=''
AMTAR='$${TAR-tar}'
AM_BACKSLASH='\'
AM_DEFAULT_V='$(AM_DEFAULT_VERBOSITY)'
AM_DEFAULT_VERBOSITY='0'
AM_V='$(V)'
AR='ar'
AS='as'
AUTOCONF='${SHELL} /Users/thadmegow/dev/c/jp/pcre2/missing autoconf'
AUTOHEADER='${SHELL} /Users/thadmegow/dev/c/jp/pcre2/missing autoheader'
AUTOMAKE='${SHELL} /Users/thadmegow/dev/c/jp/pcre2/missing automake-1.16'
AWK='awk'
CC='gcc'
CCDEPMODE='depmode=gcc3'
CFLAGS='-O2'
CPP='gcc -E'
CPPFLAGS=''
CYGPATH_W='echo'
DEFS='-DHAVE_CONFIG_H'
DEPDIR='.deps'
DISTCHECK_CONFIGURE_FLAGS='CFLAGS='\'''\'' CXXFLAGS='\'''\'' --enable-pcre2-16 --enable-pcre2-32 --enable-jit'
DLLTOOL='dlltool'
DSYMUTIL='dsymutil'
DUMPBIN=''
ECHO_C='\c'
ECHO_N=''
ECHO_T=''
EGREP='/usr/bin/grep -E'
EXEEXT=''
EXTRA_LIBPCRE2_16_LDFLAGS='    -version-info 8:0:8'
EXTRA_LIBPCRE2_32_LDFLAGS='    -version-info 8:0:8'
EXTRA_LIBPCRE2_8_LDFLAGS='    -version-info 8:0:8'
EXTRA_LIBPCRE2_POSIX_LDFLAGS='    -version-info 2:2:0'
FGREP='/usr/bin/grep -F'
GCOV_CFLAGS=''
GCOV_CXXFLAGS=''
GCOV_LIBS=''
GENHTML=''
GREP='/usr/bin/grep'
HAVE_VISIBILITY='1'
INSTALL_DATA='${INSTALL} -m 644'
INSTALL_PROGRAM='${INSTALL}'
INSTALL_SCRIPT='${INSTALL}'
INSTALL_STRIP_PROGRAM='$(install_sh) -c -s'
LCOV=''
LD='/Applications/Xcode.app/Contents/Developer/Toolchains/XcodeDefault.xctoolchain/usr/bin/ld'
LDFLAGS=''
LIBBZ2=''
LIBOBJS=''
LIBREADLINE=''
LIBS=''
LIBTOOL='$(SHELL) $(top_builddir)/libtool'
LIBZ=''
LIPO='lipo'
LN_S='ln -s'
LTLIBOBJS=''
LT_SYS_LIBRARY_PATH=''
MAKEINFO='${SHELL} /Users/thadmegow/dev/c/jp/pcre2/missing makeinfo'
MANIFEST_TOOL=':'
MKDIR_P='/usr/local/bin/gmkdir -p'
NM='/usr/bin/nm -B'
NMEDIT='nmedit'
OBJDUMP='objdump'
OBJEXT='o'
OTOOL64=':'
OTOOL='otool'
PACKAGE='pcre2'
PACKAGE_BUGREPORT=''
PACKAGE_NAME='PCRE2'
PACKAGE_STRING='PCRE2 10.33'
PACKAGE_TARNAME='pcre2'
PACKAGE_URL=''
PACKAGE_VERSION='10.33'
PATH_SEPARATOR=':'
PCRE2_DATE='2019-04-16'
PCRE2_MAJOR='10'
PCRE2_MINOR='33'
PCRE2_PRERELEASE=''
PCRE2_STATIC_CFLAG=''
PKG_CONFIG=''
PKG_CONFIG_LIBDIR=''
PKG_CONFIG_PATH=''
PTHREAD_CC=''
PTHREAD_CFLAGS=''
PTHREAD_LIBS=''
RANLIB='ranlib'
SED='/usr/local/bin/gsed'
SET_MAKE=''
SHELL='/bin/sh'
SHTOOL=''
STRIP='strip'
VALGRIND_CFLAGS=''
VALGRIND_LIBS=''
VERSION='10.33'
VISIBILITY_CFLAGS='-fvisibility=hidden'
VISIBILITY_CXXFLAGS='-fvisibility=hidden -fvisibility-inlines-hidden'
WITH_DEBUG_FALSE=''
WITH_DEBUG_TRUE='#'
WITH_FUZZ_SUPPORT_FALSE=''
WITH_FUZZ_SUPPORT_TRUE='#'
WITH_GCOV_FALSE=''
WITH_GCOV_TRUE='#'
WITH_JIT_FALSE=''
WITH_JIT_TRUE='#'
WITH_PCRE2_16_FALSE=''
WITH_PCRE2_16_TRUE='#'
WITH_PCRE2_32_FALSE=''
WITH_PCRE2_32_TRUE='#'
WITH_PCRE2_8_FALSE='#'
WITH_PCRE2_8_TRUE=''
WITH_REBUILD_CHARTABLES_FALSE=''
WITH_REBUILD_CHARTABLES_TRUE='#'
WITH_UNICODE_FALSE='#'
WITH_UNICODE_TRUE=''
WITH_VALGRIND_FALSE=''
WITH_VALGRIND_TRUE='#'
ac_ct_AR='ar'
ac_ct_CC='gcc'
ac_ct_DUMPBIN=''
am__EXEEXT_FALSE=''
am__EXEEXT_TRUE='#'
am__fastdepCC_FALSE='#'
am__fastdepCC_TRUE=''
am__include='include'
am__isrc=''
am__leading_dot='.'
am__nodep='_no'
am__quote=''
am__tar='$${TAR-tar} chof - "$$tardir"'
am__untar='$${TAR-tar} xf -'
ax_pthread_config=''
bindir='${exec_prefix}/bin'
build='x86_64-apple-darwin18.7.0'
build_alias=''
build_cpu='x86_64'
build_os='darwin18.7.0'
build_vendor='apple'
datadir='${datarootdir}'
datarootdir='${prefix}/share'
docdir='${datarootdir}/doc/${PACKAGE_TARNAME}'
dvidir='${docdir}'
enable_pcre2_16='no'
enable_pcre2_32='no'
enable_pcre2_8='yes'
exec_prefix='${prefix}'
host='x86_64-apple-darwin18.7.0'
host_alias=''
host_cpu='x86_64'
host_os='darwin18.7.0'
host_vendor='apple'
htmldir='${docdir}/html'
includedir='${prefix}/include'
infodir='${datarootdir}/info'
install_sh='${SHELL} /Users/thadmegow/dev/c/jp/pcre2/install-sh'
libdir='${exec_prefix}/lib'
libexecdir='${exec_prefix}/libexec'
localedir='${datarootdir}/locale'
localstatedir='${prefix}/var'
mandir='${datarootdir}/man'
mkdir_p='$(MKDIR_P)'
oldincludedir='/usr/include'
pdfdir='${docdir}'
prefix='/usr/local'
program_transform_name='s,x,x,'
psdir='${docdir}'
sbindir='${exec_prefix}/sbin'
sharedstatedir='${prefix}/com'
sysconfdir='${prefix}/etc'
target_alias=''

## ----------- ##
## confdefs.h. ##
## ----------- ##

/* confdefs.h */
#define PACKAGE_NAME "PCRE2"
#define PACKAGE_TARNAME "pcre2"
#define PACKAGE_VERSION "10.33"
#define PACKAGE_STRING "PCRE2 10.33"
#define PACKAGE_BUGREPORT ""
#define PACKAGE_URL ""
#define PACKAGE "pcre2"
#define VERSION "10.33"
#define STDC_HEADERS 1
#define HAVE_SYS_TYPES_H 1
#define HAVE_SYS_STAT_H 1
#define HAVE_STDLIB_H 1
#define HAVE_STRING_H 1
#define HAVE_MEMORY_H 1
#define HAVE_STRINGS_H 1
#define HAVE_INTTYPES_H 1
#define HAVE_STDINT_H 1
#define HAVE_UNISTD_H 1
#define __EXTENSIONS__ 1
#define _ALL_SOURCE 1
#define _GNU_SOURCE 1
#define _POSIX_PTHREAD_SEMANTICS 1
#define _TANDEM_SOURCE 1
#define HAVE_DLFCN_H 1
#define LT_OBJDIR ".libs/"
#define PCRE2_EXP_DECL extern __attribute__ ((visibility ("default")))
#define PCRE2_EXP_DEFN __attribute__ ((visibility ("default")))
#define PCRE2POSIX_EXP_DECL extern __attribute__ ((visibility ("default")))
#define PCRE2POSIX_EXP_DEFN extern __attribute__ ((visibility ("default")))
#define HAVE_VISIBILITY 1
#define STDC_HEADERS 1
#define HAVE_LIMITS_H 1
#define HAVE_SYS_TYPES_H 1
#define HAVE_SYS_STAT_H 1
#define HAVE_DIRENT_H 1
#define HAVE_SYS_WAIT_H 1
#define HAVE_BCOPY 1
#define HAVE_MEMMOVE 1
#define HAVE_STRERROR 1
#define HAVE_MKOSTEMP 1
#define HAVE_ZLIB_H 1
#define HAVE_BZLIB_H 1
#define SUPPORT_PCRE2_8 /**/
#define SUPPORT_PCRE2GREP_CALLOUT_FORK /**/
#define SUPPORT_PCRE2GREP_CALLOUT /**/
#define SUPPORT_UNICODE /**/
#define PCRE2GREP_BUFSIZE 20480
#define PCRE2GREP_MAX_BUFSIZE 1048576
#define NEWLINE_DEFAULT 2
#define LINK_SIZE 2
#define PARENS_NEST_LIMIT 250
#define MATCH_LIMIT 10000000
#define MATCH_LIMIT_DEPTH MATCH_LIMIT
#define HEAP_LIMIT 20000000
#define MAX_NAME_SIZE 32
#define MAX_NAME_COUNT 10000

configure: exit 0
